# JRE version: OpenJDK Runtime Environment (17.0.6) (build 17.0.6+0-b2043.56-10027231)
# Java VM: OpenJDK 64-Bit Server VM (17.0.6+0-b2043.56-10027231, mixed mode, tiered, compressed oops, compressed class ptrs, g1 gc, windows-amd64)
GC Precious Log:
 CPUs: 12 total, 12 available
 Memory: 7521M
 Large Page Support: Disabled
 NUMA Support: Disabled
 Compressed Oops: Enabled (32-bit)
 Heap Region Size: 1M
 Heap Min Capacity: 8M
 Heap Initial Capacity: 118M
 Heap Max Capacity: 2G
 Pre-touch: Disabled
 Parallel Workers: 10
 Concurrent Workers: 3
 Concurrent Refinement Workers: 10
 Periodic GC: Disabled
Heap:
 garbage-first heap   total 391168K, used 246170K [0x0000000080000000, 0x0000000100000000)
  region size 1024K, 10 young (10240K), 10 survivors (10240K)
 Metaspace       used 163704K, committed 164992K, reserved 1196032K
  class space    used 22967K, committed 23552K, reserved 1048576K
GC Heap History (20 events):
Event: 2729.638 GC heap after
{Heap after GC invocations=57 (full 0):
 garbage-first heap   total 355328K, used 181712K [0x0000000080000000, 0x0000000100000000)
  region size 1024K, 16 young (16384K), 16 survivors (16384K)
 Metaspace       used 151900K, committed 153024K, reserved 1179648K
  class space    used 21487K, committed 22016K, reserved 1048576K
}
Event: 3390.224 GC heap before
{Heap before GC invocations=57 (full 0):
 garbage-first heap   total 355328K, used 295376K [0x0000000080000000, 0x0000000100000000)
  region size 1024K, 107 young (109568K), 16 survivors (16384K)
 Metaspace       used 152528K, committed 153600K, reserved 1187840K
  class space    used 21560K, committed 22080K, reserved 1048576K
}
Event: 3390.325 GC heap after
{Heap after GC invocations=58 (full 0):
 garbage-first heap   total 355328K, used 179442K [0x0000000080000000, 0x0000000100000000)
  region size 1024K, 5 young (5120K), 5 survivors (5120K)
 Metaspace       used 152528K, committed 153600K, reserved 1187840K
  class space    used 21560K, committed 22080K, reserved 1048576K
}
Event: 3394.039 GC heap before
{Heap before GC invocations=58 (full 0):
 garbage-first heap   total 355328K, used 290034K [0x0000000080000000, 0x0000000100000000)
  region size 1024K, 87 young (89088K), 5 survivors (5120K)
 Metaspace       used 155315K, committed 156544K, reserved 1187840K
  class space    used 21978K, committed 22528K, reserved 1048576K
}
Event: 3394.092 GC heap after
{Heap after GC invocations=59 (full 0):
 garbage-first heap   total 355328K, used 219110K [0x0000000080000000, 0x0000000100000000)
  region size 1024K, 15 young (15360K), 15 survivors (15360K)
 Metaspace       used 155315K, committed 156544K, reserved 1187840K
  class space    used 21978K, committed 22528K, reserved 1048576K
}
Event: 3395.518 GC heap before
{Heap before GC invocations=60 (full 0):
 garbage-first heap   total 391168K, used 295910K [0x0000000080000000, 0x0000000100000000)
  region size 1024K, 86 young (88064K), 15 survivors (15360K)
 Metaspace       used 158067K, committed 159360K, reserved 1187840K
  class space    used 22358K, committed 22976K, reserved 1048576K
}
Event: 3395.624 GC heap after
{Heap after GC invocations=61 (full 0):
 garbage-first heap   total 391168K, used 238277K [0x0000000080000000, 0x0000000100000000)
  region size 1024K, 11 young (11264K), 11 survivors (11264K)
 Metaspace       used 158067K, committed 159360K, reserved 1187840K
  class space    used 22358K, committed 22976K, reserved 1048576K
}
Event: 3395.647 GC heap before
{Heap before GC invocations=61 (full 0):
 garbage-first heap   total 391168K, used 246469K [0x0000000080000000, 0x0000000100000000)
  region size 1024K, 19 young (19456K), 11 survivors (11264K)
 Metaspace       used 158067K, committed 159360K, reserved 1187840K
  class space    used 22358K, committed 22976K, reserved 1048576K
}
Event: 3395.735 GC heap after
{Heap after GC invocations=62 (full 0):
 garbage-first heap   total 391168K, used 212670K [0x0000000080000000, 0x0000000100000000)
  region size 1024K, 3 young (3072K), 3 survivors (3072K)
 Metaspace       used 158067K, committed 159360K, reserved 1187840K
  class space    used 22358K, committed 22976K, reserved 1048576K
}
Event: 3395.838 GC heap before
{Heap before GC invocations=62 (full 0):
 garbage-first heap   total 391168K, used 229054K [0x0000000080000000, 0x0000000100000000)
  region size 1024K, 19 young (19456K), 3 survivors (3072K)
 Metaspace       used 158067K, committed 159360K, reserved 1187840K
  class space    used 22358K, committed 22976K, reserved 1048576K
}
Event: 3395.876 GC heap after
{Heap after GC invocations=63 (full 0):
 garbage-first heap   total 391168K, used 215603K [0x0000000080000000, 0x0000000100000000)
  region size 1024K, 3 young (3072K), 3 survivors (3072K)
 Metaspace       used 158067K, committed 159360K, reserved 1187840K
  class space    used 22358K, committed 22976K, reserved 1048576K
}
Event: 3397.103 GC heap before
{Heap before GC invocations=63 (full 0):
 garbage-first heap   total 391168K, used 301619K [0x0000000080000000, 0x0000000100000000)
  region size 1024K, 88 young (90112K), 3 survivors (3072K)
 Metaspace       used 158068K, committed 159360K, reserved 1187840K
  class space    used 22358K, committed 22976K, reserved 1048576K
}
Event: 3397.131 GC heap after
{Heap after GC invocations=64 (full 0):
 garbage-first heap   total 391168K, used 220326K [0x0000000080000000, 0x0000000100000000)
  region size 1024K, 8 young (8192K), 8 survivors (8192K)
 Metaspace       used 158068K, committed 159360K, reserved 1187840K
  class space    used 22358K, committed 22976K, reserved 1048576K
}
Event: 3398.867 GC heap before
{Heap before GC invocations=64 (full 0):
 garbage-first heap   total 391168K, used 308390K [0x0000000080000000, 0x0000000100000000)
  region size 1024K, 94 young (96256K), 8 survivors (8192K)
 Metaspace       used 158070K, committed 159360K, reserved 1187840K
  class space    used 22358K, committed 22976K, reserved 1048576K
}
Event: 3398.893 GC heap after
{Heap after GC invocations=65 (full 0):
 garbage-first heap   total 391168K, used 224224K [0x0000000080000000, 0x0000000100000000)
  region size 1024K, 9 young (9216K), 9 survivors (9216K)
 Metaspace       used 158070K, committed 159360K, reserved 1187840K
  class space    used 22358K, committed 22976K, reserved 1048576K
}
Event: 3400.040 GC heap before
{Heap before GC invocations=65 (full 0):
 garbage-first heap   total 391168K, used 313312K [0x0000000080000000, 0x0000000100000000)
  region size 1024K, 96 young (98304K), 9 survivors (9216K)
 Metaspace       used 158070K, committed 159360K, reserved 1187840K
  class space    used 22358K, committed 22976K, reserved 1048576K
}
Event: 3400.059 GC heap after
{Heap after GC invocations=66 (full 0):
 garbage-first heap   total 391168K, used 228150K [0x0000000080000000, 0x0000000100000000)
  region size 1024K, 10 young (10240K), 10 survivors (10240K)
 Metaspace       used 158070K, committed 159360K, reserved 1187840K
  class space    used 22358K, committed 22976K, reserved 1048576K
}
Event: 3401.380 GC heap before
{Heap before GC invocations=66 (full 0):
 garbage-first heap   total 391168K, used 333622K [0x0000000080000000, 0x0000000100000000)
  region size 1024K, 97 young (99328K), 10 survivors (10240K)
 Metaspace       used 159619K, committed 160896K, reserved 1187840K
  class space    used 22453K, committed 23040K, reserved 1048576K
}
Event: 3401.431 GC heap after
{Heap after GC invocations=67 (full 0):
 garbage-first heap   total 391168K, used 237122K [0x0000000080000000, 0x0000000100000000)
  region size 1024K, 13 young (13312K), 13 survivors (13312K)
 Metaspace       used 159619K, committed 160896K, reserved 1187840K
  class space    used 22453K, committed 23040K, reserved 1048576K
}
Event: 3403.976 GC heap before
{Heap before GC invocations=67 (full 0):
 garbage-first heap   total 391168K, used 319042K [0x0000000080000000, 0x0000000100000000)
  region size 1024K, 94 young (96256K), 13 survivors (13312K)
 Metaspace       used 163704K, committed 164992K, reserved 1196032K
  class space    used 22967K, committed 23552K, reserved 1048576K
}

